[0m23:25:44.306759 [debug] [MainThread]: Sending event: {'category': 'dbt', 'action': 'invocation', 'label': 'start', 'context': [<snowplow_tracker.self_describing_json.SelfDescribingJson object at 0x1079829d0>, <snowplow_tracker.self_describing_json.SelfDescribingJson object at 0x1079b15d0>, <snowplow_tracker.self_describing_json.SelfDescribingJson object at 0x1079b1ad0>]}


============================== 23:25:44.309183 | ed219e98-9767-4a38-b93a-d91e6f56e547 ==============================
[0m23:25:44.309183 [info ] [MainThread]: Running with dbt=1.9.3
[0m23:25:44.309478 [debug] [MainThread]: running dbt with arguments {'printer_width': '80', 'indirect_selection': 'eager', 'write_json': 'True', 'log_cache_events': 'False', 'partial_parse': 'True', 'cache_selected_only': 'False', 'profiles_dir': '/Users/davidluk/.dbt', 'fail_fast': 'False', 'warn_error': 'None', 'log_path': 'logs', 'version_check': 'True', 'debug': 'False', 'use_colors': 'True', 'use_experimental_parser': 'False', 'empty': 'None', 'quiet': 'False', 'no_print': 'None', 'log_format': 'default', 'static_parser': 'True', 'introspect': 'True', 'warn_error_options': 'WarnErrorOptions(include=[], exclude=[])', 'target_path': 'None', 'invocation_command': 'dbt init', 'send_anonymous_usage_stats': 'True'}
[0m23:25:44.317193 [warn ] [MainThread]: [ConfigFolderDirectory]: Unable to parse logging event dictionary. Failed to parse dir field: expected string or bytes-like object, got 'PosixPath'.. Dictionary: {'dir': PosixPath('/Users/davidluk/.dbt')}
[0m23:25:44.317394 [info ] [MainThread]: Creating dbt configuration folder at 
[0m23:25:56.084434 [debug] [MainThread]: Starter project path: /Users/davidluk/.pyenv/versions/3.11.0/lib/python3.11/site-packages/dbt/include/starter_project
[0m23:25:56.094234 [info ] [MainThread]: 
Your new dbt project "custom_postgres" was created!

For more information on how to configure the profiles.yml file,
please consult the dbt documentation here:

  https://docs.getdbt.com/docs/configure-your-profile

One more thing:

Need help? Don't hesitate to reach out to us via GitHub issues or on Slack:

  https://community.getdbt.com/

Happy modeling!

[0m23:25:56.094851 [info ] [MainThread]: Setting up your profile.
[0m23:33:08.671338 [info ] [MainThread]: Profile custom_postgres written to /Users/davidluk/.dbt/profiles.yml using target's profile_template.yml and your supplied values. Run 'dbt debug' to validate the connection.
[0m23:33:08.694829 [debug] [MainThread]: Resource report: {"command_name": "init", "command_success": true, "command_wall_clock_time": 444.42114, "process_in_blocks": "0", "process_kernel_time": 0.134804, "process_mem_max_rss": "99352576", "process_out_blocks": "0", "process_user_time": 0.617012}
[0m23:33:08.695533 [debug] [MainThread]: Command `dbt init` succeeded at 23:33:08.695325 after 444.42 seconds
[0m23:33:08.696151 [debug] [MainThread]: Sending event: {'category': 'dbt', 'action': 'invocation', 'label': 'end', 'context': [<snowplow_tracker.self_describing_json.SelfDescribingJson object at 0x1031f5910>, <snowplow_tracker.self_describing_json.SelfDescribingJson object at 0x107b5e350>, <snowplow_tracker.self_describing_json.SelfDescribingJson object at 0x10783cd50>]}
[0m23:33:08.696546 [debug] [MainThread]: Flushing usage events
[0m23:33:12.208376 [debug] [MainThread]: An error was encountered while trying to flush usage events
